time="2023-08-25T18:43:18+06:00" level=info msg="Create router" func="main.main()" file="app.go:17"
time="2023-08-25T18:43:18+06:00" level=info msg="Register user handler" func="main.main()" file="app.go:20"
time="2023-08-25T18:43:18+06:00" level=info msg="Start the application" func="main.start()" file="app.go:29"
time="2023-08-26T16:06:59+06:00" level=info msg="Create router" func="main.main()" file="app.go:21"
time="2023-08-26T16:06:59+06:00" level=info msg="read application config" func="mado/internal/config.GetConfig.func1()" file="config.go:28"
time="2023-08-26T16:06:59+06:00" level=info func="mado/internal/config.GetConfig.func1()" file="config.go:32"
time="2023-08-26T16:06:59+06:00" level=fatal msg="open config.yaml: no such file or directory" func="mado/internal/config.GetConfig.func1()" file="config.go:33"
time="2023-08-26T16:11:59+06:00" level=info msg="Create router" func="main.main()" file="app.go:21"
time="2023-08-26T16:11:59+06:00" level=info msg="read application config" func="mado/internal/config.GetConfig.func1()" file="config.go:28"
time="2023-08-26T16:11:59+06:00" level=info msg="Register user handler" func="main.main()" file="app.go:26"
time="2023-08-26T16:11:59+06:00" level=info msg="Start the application" func="main.start()" file="app.go:35"
time="2023-08-26T16:11:59+06:00" level=info msg="Listen tcp socket" func="main.start()" file="app.go:60"
time="2023-08-26T16:11:59+06:00" level=info msg="Started listening server on port 127.0.0.1:10000" func="main.start()" file="app.go:67"
time="2023-08-26T16:13:03+06:00" level=info msg="Create router" func="main.main()" file="app.go:21"
time="2023-08-26T16:13:03+06:00" level=info msg="read application config" func="mado/internal/config.GetConfig.func1()" file="config.go:28"
time="2023-08-26T16:13:03+06:00" level=info msg="Register user handler" func="main.main()" file="app.go:26"
time="2023-08-26T16:13:03+06:00" level=info msg="Start the application" func="main.start()" file="app.go:35"
time="2023-08-26T16:13:03+06:00" level=info msg="Listen tcp socket" func="main.start()" file="app.go:60"
time="2023-08-26T16:13:03+06:00" level=info msg="Started listening server on port 127.0.0.1:8080" func="main.start()" file="app.go:67"
time="2023-08-26T16:13:27+06:00" level=info msg="Create router" func="main.main()" file="app.go:21"
time="2023-08-26T16:13:27+06:00" level=info msg="read application config" func="mado/internal/config.GetConfig.func1()" file="config.go:28"
time="2023-08-26T16:13:27+06:00" level=info msg="Register user handler" func="main.main()" file="app.go:26"
time="2023-08-26T16:13:27+06:00" level=info msg="Start the application" func="main.start()" file="app.go:35"
time="2023-08-26T16:13:27+06:00" level=info msg="Create socket" func="main.start()" file="app.go:47"
time="2023-08-26T16:13:27+06:00" level=info msg="Listen unix socket %s/tmp/go-build368741477/b001/exe/app.sock" func="main.start()" file="app.go:51"
